# JRE version: OpenJDK Runtime Environment Temurin-17.0.11+9 (17.0.11+9) (build 17.0.11+9)
# Java VM: OpenJDK 64-Bit Server VM Temurin-17.0.11+9 (17.0.11+9, mixed mode, tiered, compressed oops, compressed class ptrs, parallel gc, windows-amd64)
GC Precious Log:
 CPUs: 12 total, 12 available
 Memory: 24359M
 Large Page Support: Disabled
 NUMA Support: Disabled
 Compressed Oops: Enabled (32-bit)
 Alignments: Space 512K, Generation 512K, Heap 2M
 Heap Min Capacity: 100M
 Heap Initial Capacity: 100M
 Heap Max Capacity: 1G
 Pre-touch: Disabled
 Parallel Workers: 10
Heap:
 PSYoungGen      total 44032K, used 43927K [0x00000000eab00000, 0x00000000ee200000, 0x0000000100000000)
  eden space 33280K, 100% used [0x00000000eab00000,0x00000000ecb80000,0x00000000ecb80000)
  from space 10752K, 99% used [0x00000000ecb80000,0x00000000ed5e5e08,0x00000000ed600000)
  to   space 11264K, 99% used [0x00000000ed700000,0x00000000ee1f9110,0x00000000ee200000)
 ParOldGen       total 136704K, used 124262K [0x00000000c0000000, 0x00000000c8580000, 0x00000000eab00000)
  object space 136704K, 90% used [0x00000000c0000000,0x00000000c7959a50,0x00000000c8580000)
 Metaspace       used 84433K, committed 85760K, reserved 1179648K
  class space    used 8793K, committed 9408K, reserved 1048576K
GC Heap History (20 events):
Event: 15212.678 GC heap after
{Heap after GC invocations=673 (full 14):
 PSYoungGen      total 42496K, used 7654K [0x00000000eab00000, 0x00000000ee000000, 0x0000000100000000)
  eden space 34816K, 0% used [0x00000000eab00000,0x00000000eab00000,0x00000000ecd00000)
  from space 7680K, 99% used [0x00000000ed600000,0x00000000edd79ac8,0x00000000edd80000)
  to   space 9216K, 0% used [0x00000000ecd00000,0x00000000ecd00000,0x00000000ed600000)
 ParOldGen       total 136704K, used 119232K [0x00000000c0000000, 0x00000000c8580000, 0x00000000eab00000)
  object space 136704K, 87% used [0x00000000c0000000,0x00000000c7470308,0x00000000c8580000)
 Metaspace       used 80013K, committed 81280K, reserved 1179648K
  class space    used 8438K, committed 9024K, reserved 1048576K
}
Event: 15218.800 GC heap before
{Heap before GC invocations=674 (full 14):
 PSYoungGen      total 42496K, used 42470K [0x00000000eab00000, 0x00000000ee000000, 0x0000000100000000)
  eden space 34816K, 100% used [0x00000000eab00000,0x00000000ecd00000,0x00000000ecd00000)
  from space 7680K, 99% used [0x00000000ed600000,0x00000000edd79ac8,0x00000000edd80000)
  to   space 9216K, 0% used [0x00000000ecd00000,0x00000000ecd00000,0x00000000ed600000)
 ParOldGen       total 136704K, used 119232K [0x00000000c0000000, 0x00000000c8580000, 0x00000000eab00000)
  object space 136704K, 87% used [0x00000000c0000000,0x00000000c7470308,0x00000000c8580000)
 Metaspace       used 80642K, committed 81984K, reserved 1179648K
  class space    used 8473K, committed 9088K, reserved 1048576K
}
Event: 15218.804 GC heap after
{Heap after GC invocations=674 (full 14):
 PSYoungGen      total 41984K, used 6798K [0x00000000eab00000, 0x00000000edd00000, 0x0000000100000000)
  eden space 34816K, 0% used [0x00000000eab00000,0x00000000eab00000,0x00000000ecd00000)
  from space 7168K, 94% used [0x00000000ecd00000,0x00000000ed3a3830,0x00000000ed400000)
  to   space 7680K, 0% used [0x00000000ed580000,0x00000000ed580000,0x00000000edd00000)
 ParOldGen       total 136704K, used 119648K [0x00000000c0000000, 0x00000000c8580000, 0x00000000eab00000)
  object space 136704K, 87% used [0x00000000c0000000,0x00000000c74d8308,0x00000000c8580000)
 Metaspace       used 80642K, committed 81984K, reserved 1179648K
  class space    used 8473K, committed 9088K, reserved 1048576K
}
Event: 15222.601 GC heap before
{Heap before GC invocations=675 (full 14):
 PSYoungGen      total 41984K, used 41614K [0x00000000eab00000, 0x00000000edd00000, 0x0000000100000000)
  eden space 34816K, 100% used [0x00000000eab00000,0x00000000ecd00000,0x00000000ecd00000)
  from space 7168K, 94% used [0x00000000ecd00000,0x00000000ed3a3830,0x00000000ed400000)
  to   space 7680K, 0% used [0x00000000ed580000,0x00000000ed580000,0x00000000edd00000)
 ParOldGen       total 136704K, used 119648K [0x00000000c0000000, 0x00000000c8580000, 0x00000000eab00000)
  object space 136704K, 87% used [0x00000000c0000000,0x00000000c74d8308,0x00000000c8580000)
 Metaspace       used 81259K, committed 82624K, reserved 1179648K
  class space    used 8508K, committed 9152K, reserved 1048576K
}
Event: 15222.605 GC heap after
{Heap after GC invocations=675 (full 14):
 PSYoungGen      total 41984K, used 7662K [0x00000000eab00000, 0x00000000ee000000, 0x0000000100000000)
  eden space 34304K, 0% used [0x00000000eab00000,0x00000000eab00000,0x00000000ecc80000)
  from space 7680K, 99% used [0x00000000ed580000,0x00000000edcfb840,0x00000000edd00000)
  to   space 9216K, 0% used [0x00000000ecc80000,0x00000000ecc80000,0x00000000ed580000)
 ParOldGen       total 136704K, used 120681K [0x00000000c0000000, 0x00000000c8580000, 0x00000000eab00000)
  object space 136704K, 88% used [0x00000000c0000000,0x00000000c75da7c0,0x00000000c8580000)
 Metaspace       used 81259K, committed 82624K, reserved 1179648K
  class space    used 8508K, committed 9152K, reserved 1048576K
}
Event: 27201.763 GC heap before
{Heap before GC invocations=676 (full 14):
 PSYoungGen      total 41984K, used 41966K [0x00000000eab00000, 0x00000000ee000000, 0x0000000100000000)
  eden space 34304K, 100% used [0x00000000eab00000,0x00000000ecc80000,0x00000000ecc80000)
  from space 7680K, 99% used [0x00000000ed580000,0x00000000edcfb840,0x00000000edd00000)
  to   space 9216K, 0% used [0x00000000ecc80000,0x00000000ecc80000,0x00000000ed580000)
 ParOldGen       total 136704K, used 120681K [0x00000000c0000000, 0x00000000c8580000, 0x00000000eab00000)
  object space 136704K, 88% used [0x00000000c0000000,0x00000000c75da7c0,0x00000000c8580000)
 Metaspace       used 82178K, committed 83520K, reserved 1179648K
  class space    used 8617K, committed 9280K, reserved 1048576K
}
Event: 27201.795 GC heap after
{Heap after GC invocations=676 (full 14):
 PSYoungGen      total 43520K, used 8596K [0x00000000eab00000, 0x00000000ede00000, 0x0000000100000000)
  eden space 34304K, 0% used [0x00000000eab00000,0x00000000eab00000,0x00000000ecc80000)
  from space 9216K, 93% used [0x00000000ecc80000,0x00000000ed4e5290,0x00000000ed580000)
  to   space 8704K, 0% used [0x00000000ed580000,0x00000000ed580000,0x00000000ede00000)
 ParOldGen       total 136704K, used 121105K [0x00000000c0000000, 0x00000000c8580000, 0x00000000eab00000)
  object space 136704K, 88% used [0x00000000c0000000,0x00000000c76447c0,0x00000000c8580000)
 Metaspace       used 82178K, committed 83520K, reserved 1179648K
  class space    used 8617K, committed 9280K, reserved 1048576K
}
Event: 27203.820 GC heap before
{Heap before GC invocations=677 (full 14):
 PSYoungGen      total 43520K, used 42900K [0x00000000eab00000, 0x00000000ede00000, 0x0000000100000000)
  eden space 34304K, 100% used [0x00000000eab00000,0x00000000ecc80000,0x00000000ecc80000)
  from space 9216K, 93% used [0x00000000ecc80000,0x00000000ed4e5290,0x00000000ed580000)
  to   space 8704K, 0% used [0x00000000ed580000,0x00000000ed580000,0x00000000ede00000)
 ParOldGen       total 136704K, used 121105K [0x00000000c0000000, 0x00000000c8580000, 0x00000000eab00000)
  object space 136704K, 88% used [0x00000000c0000000,0x00000000c76447c0,0x00000000c8580000)
 Metaspace       used 82428K, committed 83776K, reserved 1179648K
  class space    used 8641K, committed 9280K, reserved 1048576K
}
Event: 27203.824 GC heap after
{Heap after GC invocations=677 (full 14):
 PSYoungGen      total 43008K, used 8702K [0x00000000eab00000, 0x00000000edf00000, 0x0000000100000000)
  eden space 34304K, 0% used [0x00000000eab00000,0x00000000eab00000,0x00000000ecc80000)
  from space 8704K, 99% used [0x00000000ed580000,0x00000000eddffa78,0x00000000ede00000)
  to   space 9216K, 0% used [0x00000000ecc80000,0x00000000ecc80000,0x00000000ed580000)
 ParOldGen       total 136704K, used 121201K [0x00000000c0000000, 0x00000000c8580000, 0x00000000eab00000)
  object space 136704K, 88% used [0x00000000c0000000,0x00000000c765c7c0,0x00000000c8580000)
 Metaspace       used 82428K, committed 83776K, reserved 1179648K
  class space    used 8641K, committed 9280K, reserved 1048576K
}
Event: 27208.145 GC heap before
{Heap before GC invocations=678 (full 14):
 PSYoungGen      total 43008K, used 43006K [0x00000000eab00000, 0x00000000edf00000, 0x0000000100000000)
  eden space 34304K, 100% used [0x00000000eab00000,0x00000000ecc80000,0x00000000ecc80000)
  from space 8704K, 99% used [0x00000000ed580000,0x00000000eddffa78,0x00000000ede00000)
  to   space 9216K, 0% used [0x00000000ecc80000,0x00000000ecc80000,0x00000000ed580000)
 ParOldGen       total 136704K, used 121201K [0x00000000c0000000, 0x00000000c8580000, 0x00000000eab00000)
  object space 136704K, 88% used [0x00000000c0000000,0x00000000c765c7c0,0x00000000c8580000)
 Metaspace       used 83147K, committed 84480K, reserved 1179648K
  class space    used 8709K, committed 9344K, reserved 1048576K
}
Event: 27208.148 GC heap after
{Heap after GC invocations=678 (full 14):
 PSYoungGen      total 43520K, used 8101K [0x00000000eab00000, 0x00000000ede00000, 0x0000000100000000)
  eden space 34304K, 0% used [0x00000000eab00000,0x00000000eab00000,0x00000000ecc80000)
  from space 9216K, 87% used [0x00000000ecc80000,0x00000000ed469760,0x00000000ed580000)
  to   space 8704K, 0% used [0x00000000ed580000,0x00000000ed580000,0x00000000ede00000)
 ParOldGen       total 136704K, used 121649K [0x00000000c0000000, 0x00000000c8580000, 0x00000000eab00000)
  object space 136704K, 88% used [0x00000000c0000000,0x00000000c76cc7c0,0x00000000c8580000)
 Metaspace       used 83147K, committed 84480K, reserved 1179648K
  class space    used 8709K, committed 9344K, reserved 1048576K
}
Event: 27210.481 GC heap before
{Heap before GC invocations=679 (full 14):
 PSYoungGen      total 43520K, used 42405K [0x00000000eab00000, 0x00000000ede00000, 0x0000000100000000)
  eden space 34304K, 100% used [0x00000000eab00000,0x00000000ecc80000,0x00000000ecc80000)
  from space 9216K, 87% used [0x00000000ecc80000,0x00000000ed469760,0x00000000ed580000)
  to   space 8704K, 0% used [0x00000000ed580000,0x00000000ed580000,0x00000000ede00000)
 ParOldGen       total 136704K, used 121649K [0x00000000c0000000, 0x00000000c8580000, 0x00000000eab00000)
  object space 136704K, 88% used [0x00000000c0000000,0x00000000c76cc7c0,0x00000000c8580000)
 Metaspace       used 83735K, committed 85056K, reserved 1179648K
  class space    used 8757K, committed 9344K, reserved 1048576K
}
Event: 27210.488 GC heap after
{Heap after GC invocations=679 (full 14):
 PSYoungGen      total 41472K, used 8688K [0x00000000eab00000, 0x00000000ee200000, 0x0000000100000000)
  eden space 32768K, 0% used [0x00000000eab00000,0x00000000eab00000,0x00000000ecb00000)
  from space 8704K, 99% used [0x00000000ed580000,0x00000000eddfc238,0x00000000ede00000)
  to   space 10752K, 0% used [0x00000000ecb00000,0x00000000ecb00000,0x00000000ed580000)
 ParOldGen       total 136704K, used 122966K [0x00000000c0000000, 0x00000000c8580000, 0x00000000eab00000)
  object space 136704K, 89% used [0x00000000c0000000,0x00000000c7815a50,0x00000000c8580000)
 Metaspace       used 83735K, committed 85056K, reserved 1179648K
  class space    used 8757K, committed 9344K, reserved 1048576K
}
Event: 27210.599 GC heap before
{Heap before GC invocations=680 (full 14):
 PSYoungGen      total 41472K, used 41150K [0x00000000eab00000, 0x00000000ee200000, 0x0000000100000000)
  eden space 32768K, 99% used [0x00000000eab00000,0x00000000ecab3790,0x00000000ecb00000)
  from space 8704K, 99% used [0x00000000ed580000,0x00000000eddfc238,0x00000000ede00000)
  to   space 10752K, 0% used [0x00000000ecb00000,0x00000000ecb00000,0x00000000ed580000)
 ParOldGen       total 136704K, used 122966K [0x00000000c0000000, 0x00000000c8580000, 0x00000000eab00000)
  object space 136704K, 89% used [0x00000000c0000000,0x00000000c7815a50,0x00000000c8580000)
 Metaspace       used 83867K, committed 85184K, reserved 1179648K
  class space    used 8785K, committed 9408K, reserved 1048576K
}
Event: 27210.604 GC heap after
{Heap after GC invocations=680 (full 14):
 PSYoungGen      total 43520K, used 10744K [0x00000000eab00000, 0x00000000ee280000, 0x0000000100000000)
  eden space 32768K, 0% used [0x00000000eab00000,0x00000000eab00000,0x00000000ecb00000)
  from space 10752K, 99% used [0x00000000ecb00000,0x00000000ed57e268,0x00000000ed580000)
  to   space 11776K, 0% used [0x00000000ed700000,0x00000000ed700000,0x00000000ee280000)
 ParOldGen       total 136704K, used 123598K [0x00000000c0000000, 0x00000000c8580000, 0x00000000eab00000)
  object space 136704K, 90% used [0x00000000c0000000,0x00000000c78b3a50,0x00000000c8580000)
 Metaspace       used 83867K, committed 85184K, reserved 1179648K
  class space    used 8785K, committed 9408K, reserved 1048576K
}
Event: 27214.049 GC heap before
{Heap before GC invocations=681 (full 14):
 PSYoungGen      total 43520K, used 43512K [0x00000000eab00000, 0x00000000ee280000, 0x0000000100000000)
  eden space 32768K, 100% used [0x00000000eab00000,0x00000000ecb00000,0x00000000ecb00000)
  from space 10752K, 99% used [0x00000000ecb00000,0x00000000ed57e268,0x00000000ed580000)
  to   space 11776K, 0% used [0x00000000ed700000,0x00000000ed700000,0x00000000ee280000)
 ParOldGen       total 136704K, used 123598K [0x00000000c0000000, 0x00000000c8580000, 0x00000000eab00000)
  object space 136704K, 90% used [0x00000000c0000000,0x00000000c78b3a50,0x00000000c8580000)
 Metaspace       used 84167K, committed 85440K, reserved 1179648K
  class space    used 8790K, committed 9408K, reserved 1048576K
}
Event: 27214.056 GC heap after
{Heap after GC invocations=681 (full 14):
 PSYoungGen      total 43008K, used 9646K [0x00000000eab00000, 0x00000000ee080000, 0x0000000100000000)
  eden space 33280K, 0% used [0x00000000eab00000,0x00000000eab00000,0x00000000ecb80000)
  from space 9728K, 99% used [0x00000000ed700000,0x00000000ee06b870,0x00000000ee080000)
  to   space 10752K, 0% used [0x00000000ecb80000,0x00000000ecb80000,0x00000000ed600000)
 ParOldGen       total 136704K, used 124126K [0x00000000c0000000, 0x00000000c8580000, 0x00000000eab00000)
  object space 136704K, 90% used [0x00000000c0000000,0x00000000c7937a50,0x00000000c8580000)
 Metaspace       used 84167K, committed 85440K, reserved 1179648K
  class space    used 8790K, committed 9408K, reserved 1048576K
}
Event: 27226.298 GC heap before
{Heap before GC invocations=682 (full 14):
 PSYoungGen      total 43008K, used 42926K [0x00000000eab00000, 0x00000000ee080000, 0x0000000100000000)
  eden space 33280K, 100% used [0x00000000eab00000,0x00000000ecb80000,0x00000000ecb80000)
  from space 9728K, 99% used [0x00000000ed700000,0x00000000ee06b870,0x00000000ee080000)
  to   space 10752K, 0% used [0x00000000ecb80000,0x00000000ecb80000,0x00000000ed600000)
 ParOldGen       total 136704K, used 124126K [0x00000000c0000000, 0x00000000c8580000, 0x00000000eab00000)
  object space 136704K, 90% used [0x00000000c0000000,0x00000000c7937a50,0x00000000c8580000)
 Metaspace       used 84324K, committed 85632K, reserved 1179648K
  class space    used 8793K, committed 9408K, reserved 1048576K
}
Event: 27226.304 GC heap after
{Heap after GC invocations=682 (full 14):
 PSYoungGen      total 44032K, used 10647K [0x00000000eab00000, 0x00000000ee200000, 0x0000000100000000)
  eden space 33280K, 0% used [0x00000000eab00000,0x00000000eab00000,0x00000000ecb80000)
  from space 10752K, 99% used [0x00000000ecb80000,0x00000000ed5e5e08,0x00000000ed600000)
  to   space 11264K, 0% used [0x00000000ed700000,0x00000000ed700000,0x00000000ee200000)
 ParOldGen       total 136704K, used 124126K [0x00000000c0000000, 0x00000000c8580000, 0x00000000eab00000)
  object space 136704K, 90% used [0x00000000c0000000,0x00000000c7937a50,0x00000000c8580000)
 Metaspace       used 84324K, committed 85632K, reserved 1179648K
  class space    used 8793K, committed 9408K, reserved 1048576K
}
Event: 29245.089 GC heap before
{Heap before GC invocations=683 (full 14):
 PSYoungGen      total 44032K, used 43927K [0x00000000eab00000, 0x00000000ee200000, 0x0000000100000000)
  eden space 33280K, 100% used [0x00000000eab00000,0x00000000ecb80000,0x00000000ecb80000)
  from space 10752K, 99% used [0x00000000ecb80000,0x00000000ed5e5e08,0x00000000ed600000)
  to   space 11264K, 0% used [0x00000000ed700000,0x00000000ed700000,0x00000000ee200000)
 ParOldGen       total 136704K, used 124126K [0x00000000c0000000, 0x00000000c8580000, 0x00000000eab00000)
  object space 136704K, 90% used [0x00000000c0000000,0x00000000c7937a50,0x00000000c8580000)
 Metaspace       used 84433K, committed 85760K, reserved 1179648K
  class space    used 8793K, committed 9408K, reserved 1048576K
}

